<?xml version="1.0" encoding="UTF-8"?>
<!-- Generated by org.testng.reporters.JUnitReportReporter -->
<testsuite skipped="0" hostname="DESKTOP-987SG1D" name="Product_attribute" tests="1" failures="0" timestamp="2020-02-13T16:52:00 IST" time="47.020" errors="0">
  <testcase name="Product" time="47.020" classname="Product_attribute"/>
</testsuite> <!-- Product_attribute -->
