<?xml version="1.0" encoding="UTF-8"?>
<!-- Generated by org.testng.reporters.JUnitReportReporter -->
<testsuite skipped="0" hostname="DESKTOP-987SG1D" name="demo.LoginPage_Test" tests="2" failures="0" timestamp="2020-03-27T17:25:28 IST" time="0.040" errors="0">
  <testcase name="sum" time="0.000" classname="demo.LoginPage_Test"/>
  <testcase name="min" time="0.040" classname="demo.LoginPage_Test"/>
</testsuite> <!-- demo.LoginPage_Test -->
