<?xml version="1.0" encoding="UTF-8"?>
<!-- Generated by org.testng.reporters.JUnitReportReporter -->
<testsuite skipped="0" hostname="DESKTOP-987SG1D" name="PDF_Reader.PDF_Reader" tests="1" failures="0" timestamp="2020-04-06T09:04:28 IST" time="68.463" errors="0">
  <testcase name="Pdf_reader" time="68.463" classname="PDF_Reader.PDF_Reader"/>
</testsuite> <!-- PDF_Reader.PDF_Reader -->
