<?xml version="1.0" encoding="UTF-8"?>
<!-- Generated by org.testng.reporters.JUnitReportReporter -->
<testsuite skipped="0" hostname="DESKTOP-987SG1D" name="Bar_code.BarcodeTest" tests="1" failures="0" timestamp="2020-04-15T12:13:49 IST" time="21.305" errors="0">
  <testcase name="test" time="21.305" classname="Bar_code.BarcodeTest"/>
</testsuite> <!-- Bar_code.BarcodeTest -->
