<?xml version="1.0" encoding="UTF-8"?>
<!-- Generated by org.testng.reporters.JUnitReportReporter -->
<testsuite skipped="0" hostname="DESKTOP-987SG1D" name="WebdriverManager.wm" tests="1" failures="0" timestamp="2020-04-20T08:30:27 IST" time="21.853" errors="0">
  <testcase name="exicute" time="21.853" classname="WebdriverManager.wm"/>
</testsuite> <!-- WebdriverManager.wm -->
